<?xml version="1.0" encoding="UTF-8"?>
<!-- Generated by org.testng.reporters.JUnitXMLReporter -->
<testsuite ignored="0" hostname="DESKTOP-M8M1A0A" failures="0" tests="3" name="Surefire test" time="0.1" errors="0" timestamp="2025-05-13T15:11:31 GMT+07:00">
  <testcase classname="StudentTest" name="testGetName" time="0.016"/>
  <testcase classname="StudentTest" name="testSetAge" time="0.001"/>
  <testcase classname="StudentTest" name="testUpdateName" time="0.002"/>
</testsuite> <!-- Surefire test -->
