<?xml version="1.0" encoding="UTF-8"?>
<testng-results ignored="0" total="3" passed="3" failed="0" skipped="0">
  <reporter-output>
  </reporter-output>
  <suite started-at="2025-05-13T15:11:30 GMT+07:00" name="Surefire suite" finished-at="2025-05-13T15:11:31 GMT+07:00" duration-ms="100">
    <groups>
    </groups>
    <test started-at="2025-05-13T15:11:30 GMT+07:00" name="Surefire test" finished-at="2025-05-13T15:11:31 GMT+07:00" duration-ms="100">
      <class name="StudentTest">
        <test-method signature="testGetName()[pri:0, instance:StudentTest@13acb0d1]" started-at="2025-05-13T15:11:30 GMT+07:00" name="testGetName" finished-at="2025-05-13T15:11:31 GMT+07:00" duration-ms="16" status="PASS">
          <reporter-output>
          </reporter-output>
        </test-method> <!-- testGetName -->
        <test-method signature="testSetAge()[pri:0, instance:StudentTest@13acb0d1]" started-at="2025-05-13T15:11:31 GMT+07:00" name="testSetAge" finished-at="2025-05-13T15:11:31 GMT+07:00" duration-ms="1" status="PASS">
          <reporter-output>
          </reporter-output>
        </test-method> <!-- testSetAge -->
        <test-method signature="testUpdateName()[pri:0, instance:StudentTest@13acb0d1]" started-at="2025-05-13T15:11:31 GMT+07:00" name="testUpdateName" finished-at="2025-05-13T15:11:31 GMT+07:00" duration-ms="2" status="PASS">
          <reporter-output>
          </reporter-output>
        </test-method> <!-- testUpdateName -->
      </class> <!-- StudentTest -->
    </test> <!-- Surefire test -->
  </suite> <!-- Surefire suite -->
</testng-results>
